c:\users\ansset rojas g\desktop\upc\ciclo vii\fundamentos de juegos\trabajo\papuengine\debug\vc142.pdb
c:\users\ansset rojas g\desktop\upc\ciclo vii\fundamentos de juegos\trabajo\papuengine\debug\vc142.idb
c:\users\ansset rojas g\desktop\upc\ciclo vii\fundamentos de juegos\trabajo\papuengine\debug\zombie.obj
c:\users\ansset rojas g\desktop\upc\ciclo vii\fundamentos de juegos\trabajo\papuengine\debug\window.obj
c:\users\ansset rojas g\desktop\upc\ciclo vii\fundamentos de juegos\trabajo\papuengine\debug\texturecache.obj
c:\users\ansset rojas g\desktop\upc\ciclo vii\fundamentos de juegos\trabajo\papuengine\debug\spritebacth.obj
c:\users\ansset rojas g\desktop\upc\ciclo vii\fundamentos de juegos\trabajo\papuengine\debug\sprite.obj
c:\users\ansset rojas g\desktop\upc\ciclo vii\fundamentos de juegos\trabajo\papuengine\debug\resourcemanager.obj
c:\users\ansset rojas g\desktop\upc\ciclo vii\fundamentos de juegos\trabajo\papuengine\debug\player.obj
c:\users\ansset rojas g\desktop\upc\ciclo vii\fundamentos de juegos\trabajo\papuengine\debug\picopng.obj
c:\users\ansset rojas g\desktop\upc\ciclo vii\fundamentos de juegos\trabajo\papuengine\debug\papuengine.obj
c:\users\ansset rojas g\desktop\upc\ciclo vii\fundamentos de juegos\trabajo\papuengine\debug\maingame.obj
c:\users\ansset rojas g\desktop\upc\ciclo vii\fundamentos de juegos\trabajo\papuengine\debug\main.obj
c:\users\ansset rojas g\desktop\upc\ciclo vii\fundamentos de juegos\trabajo\papuengine\debug\level.obj
c:\users\ansset rojas g\desktop\upc\ciclo vii\fundamentos de juegos\trabajo\papuengine\debug\iomanager.obj
c:\users\ansset rojas g\desktop\upc\ciclo vii\fundamentos de juegos\trabajo\papuengine\debug\inputmanager.obj
c:\users\ansset rojas g\desktop\upc\ciclo vii\fundamentos de juegos\trabajo\papuengine\debug\imageloader.obj
c:\users\ansset rojas g\desktop\upc\ciclo vii\fundamentos de juegos\trabajo\papuengine\debug\human.obj
c:\users\ansset rojas g\desktop\upc\ciclo vii\fundamentos de juegos\trabajo\papuengine\debug\gls_program.obj
c:\users\ansset rojas g\desktop\upc\ciclo vii\fundamentos de juegos\trabajo\papuengine\debug\error.obj
c:\users\ansset rojas g\desktop\upc\ciclo vii\fundamentos de juegos\trabajo\papuengine\debug\camera2d.obj
c:\users\ansset rojas g\desktop\upc\ciclo vii\fundamentos de juegos\trabajo\papuengine\debug\agent.obj
c:\users\ansset rojas g\desktop\upc\ciclo vii\fundamentos de juegos\trabajo\debug\papuengine.ilk
c:\users\ansset rojas g\desktop\upc\ciclo vii\fundamentos de juegos\trabajo\debug\papuengine.exe
c:\users\ansset rojas g\desktop\upc\ciclo vii\fundamentos de juegos\trabajo\debug\papuengine.pdb
c:\users\ansset rojas g\desktop\upc\ciclo vii\fundamentos de juegos\trabajo\papuengine\debug\papuengine.tlog\cl.command.1.tlog
c:\users\ansset rojas g\desktop\upc\ciclo vii\fundamentos de juegos\trabajo\papuengine\debug\papuengine.tlog\cl.read.1.tlog
c:\users\ansset rojas g\desktop\upc\ciclo vii\fundamentos de juegos\trabajo\papuengine\debug\papuengine.tlog\cl.write.1.tlog
c:\users\ansset rojas g\desktop\upc\ciclo vii\fundamentos de juegos\trabajo\papuengine\debug\papuengine.tlog\link.command.1.tlog
c:\users\ansset rojas g\desktop\upc\ciclo vii\fundamentos de juegos\trabajo\papuengine\debug\papuengine.tlog\link.read.1.tlog
c:\users\ansset rojas g\desktop\upc\ciclo vii\fundamentos de juegos\trabajo\papuengine\debug\papuengine.tlog\link.write.1.tlog
